2026-03-31 12:07:40,854 - INFO - ================================================================================
2026-03-31 12:07:40,854 - INFO - CLEANUP & MERGE WORKFLOW START
2026-03-31 12:07:40,854 - INFO - Timestamp: 2026-03-31T12:07:40.854676
2026-03-31 12:07:40,854 - INFO - ================================================================================
2026-03-31 12:07:40,855 - INFO - 
================================================================================
2026-03-31 12:07:40,855 - INFO - PHASE 1: LOAD DATASETS
2026-03-31 12:07:40,855 - INFO - ================================================================================
2026-03-31 12:07:40,855 - INFO - Loading original dataset from data/raw/inflation_dataset.json...
2026-03-31 12:07:40,879 - INFO - Loaded 1134 papers from original dataset
2026-03-31 12:07:40,879 - INFO - Loading synthetic dataset from data/raw/synthetic_abstracts.json...
2026-03-31 12:07:40,901 - INFO - Loaded 4000 papers from synthetic dataset
2026-03-31 12:07:40,901 - INFO - 
================================================================================
2026-03-31 12:07:40,901 - INFO - PHASE 2: CLEAN ORIGINAL DATASET
2026-03-31 12:07:40,901 - INFO - ================================================================================
2026-03-31 12:07:40,902 - INFO - Cleaning original dataset (1134 papers)...
2026-03-31 12:07:40,905 - WARNING - Removed 1134 invalid papers
2026-03-31 12:07:40,905 - INFO - Cleaned original dataset: 0 valid papers retained
2026-03-31 12:07:40,906 - INFO - 
================================================================================
2026-03-31 12:07:40,906 - INFO - PHASE 3: CLEAN SYNTHETIC DATASET
2026-03-31 12:07:40,906 - INFO - ================================================================================
2026-03-31 12:07:40,907 - INFO - Cleaning synthetic dataset (4000 papers)...
2026-03-31 12:07:40,911 - INFO - Cleaned synthetic dataset: 4000 valid papers retained
2026-03-31 12:07:40,912 - INFO - 
================================================================================
2026-03-31 12:07:40,912 - INFO - PHASE 4: DEDUPLICATE & MERGE
2026-03-31 12:07:40,912 - INFO - ================================================================================
2026-03-31 12:07:40,913 - INFO - ================================================================================
2026-03-31 12:07:40,913 - INFO - DEDUPLICATION & MERGE STAGE
2026-03-31 12:07:40,913 - INFO - ================================================================================
2026-03-31 12:07:40,913 - INFO - Building index from original dataset (0 papers)...
2026-03-31 12:07:40,913 - INFO - Index built: 0 DOIs, 0 titles
2026-03-31 12:07:40,913 - INFO - Filtering 4000 synthetic papers for duplicates...
2026-03-31 12:07:40,922 - INFO - Duplicate check: 3810 duplicates removed
2026-03-31 12:07:40,922 - INFO - Unique synthetic papers: 190
2026-03-31 12:07:40,923 - INFO - ================================================================================
2026-03-31 12:07:40,923 - INFO - MERGE SUMMARY
2026-03-31 12:07:40,923 - INFO - ================================================================================
2026-03-31 12:07:40,923 - INFO - Original dataset: 0 papers
2026-03-31 12:07:40,923 - INFO - Synthetic dataset: 4000 papers
2026-03-31 12:07:40,924 - INFO - Duplicates removed: 3810
2026-03-31 12:07:40,924 - INFO - Unique synthetic added: 190
2026-03-31 12:07:40,924 - INFO - Final merged dataset: 190 papers
2026-03-31 12:07:40,924 - INFO -   Positive (Label=1): 34 (17.9%)
2026-03-31 12:07:40,924 - INFO -   Negative (Label=0): 156 (82.1%)
2026-03-31 12:07:40,925 - INFO - 
================================================================================
2026-03-31 12:07:40,925 - INFO - PHASE 5: BACKUP & SAVE
2026-03-31 12:07:40,926 - INFO - ================================================================================
2026-03-31 12:07:40,926 - INFO - Creating backup of original file...
2026-03-31 12:07:40,944 - INFO - Backup created: data/raw/backups\inflation_dataset_backup_20260331_120740.json
2026-03-31 12:07:40,945 - INFO - Saving 190 papers to data/raw/inflation_dataset_expanded_with_synthetic.json...
2026-03-31 12:07:40,950 - INFO - [OK] Saved 190 papers (107,620 bytes)
2026-03-31 12:07:40,950 - INFO - 
================================================================================
2026-03-31 12:07:40,950 - INFO - FINAL REPORT
2026-03-31 12:07:40,951 - INFO - ================================================================================
2026-03-31 12:07:40,951 - INFO - Original dataset: 0 valid papers
2026-03-31 12:07:40,951 - INFO - Synthetic dataset: 4000 valid papers
2026-03-31 12:07:40,952 - INFO - After merge: 190 papers
2026-03-31 12:07:40,952 - INFO -   Positive: 34 (17.9%)
2026-03-31 12:07:40,952 - INFO -   Negative: 156 (82.1%)
2026-03-31 12:07:40,952 - INFO - 
Output saved to: data/raw/inflation_dataset_expanded_with_synthetic.json
2026-03-31 12:07:40,959 - INFO - Report saved to: data/raw/cleanup_and_merge_report.json
2026-03-31 12:07:40,959 - INFO - 
================================================================================
2026-03-31 12:07:40,960 - INFO - [SUCCESS] CLEANUP & MERGE COMPLETE
2026-03-31 12:07:40,961 - INFO - ================================================================================
2026-03-31 12:08:30,842 - INFO - ================================================================================
2026-03-31 12:08:30,842 - INFO - CLEANUP & MERGE WORKFLOW START
2026-03-31 12:08:30,843 - INFO - Timestamp: 2026-03-31T12:08:30.843021
2026-03-31 12:08:30,843 - INFO - ================================================================================
2026-03-31 12:08:30,843 - INFO - 
================================================================================
2026-03-31 12:08:30,843 - INFO - PHASE 1: LOAD DATASETS
2026-03-31 12:08:30,843 - INFO - ================================================================================
2026-03-31 12:08:30,843 - INFO - Loading original dataset from data/raw/inflation_dataset.json...
2026-03-31 12:08:30,856 - INFO - Loaded 1134 papers from original dataset
2026-03-31 12:08:30,856 - INFO - Loading synthetic dataset from data/raw/synthetic_abstracts.json...
2026-03-31 12:08:30,871 - INFO - Loaded 4000 papers from synthetic dataset
2026-03-31 12:08:30,871 - INFO - 
================================================================================
2026-03-31 12:08:30,872 - INFO - PHASE 2: CLEAN ORIGINAL DATASET
2026-03-31 12:08:30,872 - INFO - ================================================================================
2026-03-31 12:08:30,872 - INFO - Cleaning original dataset (1134 papers)...
2026-03-31 12:08:30,873 - INFO - Cleaned original dataset: 1134 valid papers retained
2026-03-31 12:08:30,874 - INFO - 
================================================================================
2026-03-31 12:08:30,874 - INFO - PHASE 3: CLEAN SYNTHETIC DATASET
2026-03-31 12:08:30,874 - INFO - ================================================================================
2026-03-31 12:08:30,874 - INFO - Cleaning synthetic dataset (4000 papers)...
2026-03-31 12:08:30,879 - INFO - Cleaned synthetic dataset: 4000 valid papers retained
2026-03-31 12:08:30,880 - INFO - 
================================================================================
2026-03-31 12:08:30,880 - INFO - PHASE 4: DEDUPLICATE & MERGE
2026-03-31 12:08:30,880 - INFO - ================================================================================
2026-03-31 12:08:30,880 - INFO - ================================================================================
2026-03-31 12:08:30,880 - INFO - DEDUPLICATION & MERGE STAGE
2026-03-31 12:08:30,881 - INFO - ================================================================================
2026-03-31 12:08:30,881 - INFO - Building index from original dataset (1134 papers)...
2026-03-31 12:08:30,881 - INFO - Index built: 1134 DOIs, 0 titles
2026-03-31 12:08:30,881 - INFO - Filtering 4000 synthetic papers for duplicates...
2026-03-31 12:08:30,888 - INFO - Duplicate check: 3810 duplicates removed
2026-03-31 12:08:30,889 - INFO - Unique synthetic papers: 190
2026-03-31 12:08:30,890 - INFO - ================================================================================
2026-03-31 12:08:30,890 - INFO - MERGE SUMMARY
2026-03-31 12:08:30,890 - INFO - ================================================================================
2026-03-31 12:08:30,891 - INFO - Original dataset: 1134 papers
2026-03-31 12:08:30,891 - INFO - Synthetic dataset: 4000 papers
2026-03-31 12:08:30,891 - INFO - Duplicates removed: 3810
2026-03-31 12:08:30,891 - INFO - Unique synthetic added: 190
2026-03-31 12:08:30,891 - INFO - Final merged dataset: 1324 papers
2026-03-31 12:08:30,891 - INFO -   Positive (Label=1): 268 (20.2%)
2026-03-31 12:08:30,892 - INFO -   Negative (Label=0): 1056 (79.8%)
2026-03-31 12:08:30,892 - INFO - 
================================================================================
2026-03-31 12:08:30,892 - INFO - PHASE 5: BACKUP & SAVE
2026-03-31 12:08:30,892 - INFO - ================================================================================
2026-03-31 12:08:30,893 - INFO - Creating backup of original file...
2026-03-31 12:08:30,907 - INFO - Backup created: data/raw/backups\inflation_dataset_backup_20260331_120830.json
2026-03-31 12:08:30,909 - INFO - Saving 1324 papers to data/raw/inflation_dataset_expanded_with_synthetic.json...
2026-03-31 12:08:30,932 - INFO - [OK] Saved 1324 papers (1,509,058 bytes)
2026-03-31 12:08:30,932 - INFO - 
================================================================================
2026-03-31 12:08:30,932 - INFO - FINAL REPORT
2026-03-31 12:08:30,933 - INFO - ================================================================================
2026-03-31 12:08:30,933 - INFO - Original dataset: 1134 valid papers
2026-03-31 12:08:30,933 - INFO - Synthetic dataset: 4000 valid papers
2026-03-31 12:08:30,933 - INFO - After merge: 1324 papers
2026-03-31 12:08:30,933 - INFO -   Positive: 268 (20.2%)
2026-03-31 12:08:30,934 - INFO -   Negative: 1056 (79.8%)
2026-03-31 12:08:30,934 - INFO - 
Output saved to: data/raw/inflation_dataset_expanded_with_synthetic.json
2026-03-31 12:08:30,937 - INFO - Report saved to: data/raw/cleanup_and_merge_report.json
2026-03-31 12:08:30,938 - INFO - 
================================================================================
2026-03-31 12:08:30,938 - INFO - [SUCCESS] CLEANUP & MERGE COMPLETE
2026-03-31 12:08:30,938 - INFO - ================================================================================
2026-03-31 12:14:08,564 - INFO - ================================================================================
2026-03-31 12:14:08,565 - INFO - CLEANUP & MERGE WORKFLOW START
2026-03-31 12:14:08,565 - INFO - Timestamp: 2026-03-31T12:14:08.565234
2026-03-31 12:14:08,565 - INFO - ================================================================================
2026-03-31 12:14:08,565 - INFO - 
================================================================================
2026-03-31 12:14:08,565 - INFO - PHASE 1: LOAD DATASETS
2026-03-31 12:14:08,566 - INFO - ================================================================================
2026-03-31 12:14:08,566 - INFO - Loading original dataset from data/raw/inflation_dataset.json...
2026-03-31 12:14:08,581 - INFO - Loaded 1134 papers from original dataset
2026-03-31 12:14:08,581 - INFO - Loading synthetic dataset from data/raw/synthetic_abstracts.json...
2026-03-31 12:14:08,653 - INFO - Loaded 10000 papers from synthetic dataset
2026-03-31 12:14:08,654 - INFO - 
================================================================================
2026-03-31 12:14:08,654 - INFO - PHASE 2: CLEAN ORIGINAL DATASET
2026-03-31 12:14:08,654 - INFO - ================================================================================
2026-03-31 12:14:08,654 - INFO - Cleaning original dataset (1134 papers)...
2026-03-31 12:14:08,656 - INFO - Cleaned original dataset: 1134 valid papers retained
2026-03-31 12:14:08,656 - INFO - 
================================================================================
2026-03-31 12:14:08,656 - INFO - PHASE 3: CLEAN SYNTHETIC DATASET
2026-03-31 12:14:08,656 - INFO - ================================================================================
2026-03-31 12:14:08,656 - INFO - Cleaning synthetic dataset (10000 papers)...
2026-03-31 12:14:08,670 - INFO - Cleaned synthetic dataset: 10000 valid papers retained
2026-03-31 12:14:08,670 - INFO - 
================================================================================
2026-03-31 12:14:08,671 - INFO - PHASE 4: DEDUPLICATE & MERGE
2026-03-31 12:14:08,671 - INFO - ================================================================================
2026-03-31 12:14:08,671 - INFO - ================================================================================
2026-03-31 12:14:08,671 - INFO - DEDUPLICATION & MERGE STAGE
2026-03-31 12:14:08,671 - INFO - ================================================================================
2026-03-31 12:14:08,672 - INFO - Building index from original dataset (1134 papers)...
2026-03-31 12:14:08,672 - INFO - Index built: 1134 DOIs, 0 titles
2026-03-31 12:14:08,672 - INFO - Filtering 10000 synthetic papers for duplicates...
2026-03-31 12:14:08,734 - INFO - Duplicate check: 9559 duplicates removed
2026-03-31 12:14:08,766 - INFO - Unique synthetic papers: 441
2026-03-31 12:14:08,771 - INFO - ================================================================================
2026-03-31 12:14:08,781 - INFO - MERGE SUMMARY
2026-03-31 12:14:08,808 - INFO - ================================================================================
2026-03-31 12:14:08,813 - INFO - Original dataset: 1134 papers
2026-03-31 12:14:08,814 - INFO - Synthetic dataset: 10000 papers
2026-03-31 12:14:08,814 - INFO - Duplicates removed: 9559
2026-03-31 12:14:08,814 - INFO - Unique synthetic added: 441
2026-03-31 12:14:08,814 - INFO - Final merged dataset: 1575 papers
2026-03-31 12:14:08,815 - INFO -   Positive (Label=1): 330 (21.0%)
2026-03-31 12:14:08,815 - INFO -   Negative (Label=0): 1245 (79.0%)
2026-03-31 12:14:08,815 - INFO - 
================================================================================
2026-03-31 12:14:08,815 - INFO - PHASE 5: BACKUP & SAVE
2026-03-31 12:14:08,815 - INFO - ================================================================================
2026-03-31 12:14:08,816 - INFO - Creating backup of original file...
2026-03-31 12:14:08,850 - INFO - Backup created: data/raw/backups\inflation_dataset_backup_20260331_121408.json
2026-03-31 12:14:08,857 - INFO - Saving 1575 papers to data/raw/inflation_dataset_expanded_with_synthetic.json...
2026-03-31 12:14:08,888 - INFO - [OK] Saved 1575 papers (1,650,116 bytes)
2026-03-31 12:14:08,888 - INFO - 
================================================================================
2026-03-31 12:14:08,888 - INFO - FINAL REPORT
2026-03-31 12:14:08,889 - INFO - ================================================================================
2026-03-31 12:14:08,889 - INFO - Original dataset: 1134 valid papers
2026-03-31 12:14:08,889 - INFO - Synthetic dataset: 10000 valid papers
2026-03-31 12:14:08,889 - INFO - After merge: 1575 papers
2026-03-31 12:14:08,889 - INFO -   Positive: 330 (21.0%)
2026-03-31 12:14:08,890 - INFO -   Negative: 1245 (79.0%)
2026-03-31 12:14:08,890 - INFO - 
Output saved to: data/raw/inflation_dataset_expanded_with_synthetic.json
2026-03-31 12:14:08,891 - INFO - Report saved to: data/raw/cleanup_and_merge_report.json
2026-03-31 12:14:08,894 - INFO - 
================================================================================
2026-03-31 12:14:08,894 - INFO - [SUCCESS] CLEANUP & MERGE COMPLETE
2026-03-31 12:14:08,895 - INFO - ================================================================================
2026-03-31 12:17:33,064 - INFO - ================================================================================
2026-03-31 12:17:33,064 - INFO - CLEANUP & MERGE WORKFLOW START
2026-03-31 12:17:33,065 - INFO - Timestamp: 2026-03-31T12:17:33.065164
2026-03-31 12:17:33,065 - INFO - ================================================================================
2026-03-31 12:17:33,065 - INFO - 
================================================================================
2026-03-31 12:17:33,065 - INFO - PHASE 1: LOAD DATASETS
2026-03-31 12:17:33,065 - INFO - ================================================================================
2026-03-31 12:17:33,066 - INFO - Loading original dataset from data/raw/inflation_dataset.json...
2026-03-31 12:17:33,079 - INFO - Loaded 1134 papers from original dataset
2026-03-31 12:17:33,079 - INFO - Loading synthetic dataset from data/raw/synthetic_abstracts.json...
2026-03-31 12:17:33,250 - INFO - Loaded 50000 papers from synthetic dataset
2026-03-31 12:17:33,251 - INFO - 
================================================================================
2026-03-31 12:17:33,252 - INFO - PHASE 2: CLEAN ORIGINAL DATASET
2026-03-31 12:17:33,252 - INFO - ================================================================================
2026-03-31 12:17:33,252 - INFO - Cleaning original dataset (1134 papers)...
2026-03-31 12:17:33,254 - INFO - Cleaned original dataset: 1134 valid papers retained
2026-03-31 12:17:33,254 - INFO - 
================================================================================
2026-03-31 12:17:33,254 - INFO - PHASE 3: CLEAN SYNTHETIC DATASET
2026-03-31 12:17:33,254 - INFO - ================================================================================
2026-03-31 12:17:33,255 - INFO - Cleaning synthetic dataset (50000 papers)...
2026-03-31 12:17:33,305 - INFO - Cleaned synthetic dataset: 50000 valid papers retained
2026-03-31 12:17:33,306 - INFO - 
================================================================================
2026-03-31 12:17:33,306 - INFO - PHASE 4: DEDUPLICATE & MERGE
2026-03-31 12:17:33,306 - INFO - ================================================================================
2026-03-31 12:17:33,307 - INFO - ================================================================================
2026-03-31 12:17:33,307 - INFO - DEDUPLICATION & MERGE STAGE
2026-03-31 12:17:33,307 - INFO - ================================================================================
2026-03-31 12:17:33,308 - INFO - Building index from original dataset (1134 papers)...
2026-03-31 12:17:33,308 - INFO - Index built: 1134 DOIs, 0 titles
2026-03-31 12:17:33,309 - INFO - Filtering 50000 synthetic papers for duplicates...
2026-03-31 12:17:33,414 - INFO - Duplicate check: 0 duplicates removed
2026-03-31 12:17:33,414 - INFO - Unique synthetic papers: 50000
2026-03-31 12:17:33,422 - INFO - ================================================================================
2026-03-31 12:17:33,423 - INFO - MERGE SUMMARY
2026-03-31 12:17:33,423 - INFO - ================================================================================
2026-03-31 12:17:33,423 - INFO - Original dataset: 1134 papers
2026-03-31 12:17:33,423 - INFO - Synthetic dataset: 50000 papers
2026-03-31 12:17:33,424 - INFO - Duplicates removed: 0
2026-03-31 12:17:33,424 - INFO - Unique synthetic added: 50000
2026-03-31 12:17:33,424 - INFO - Final merged dataset: 51134 papers
2026-03-31 12:17:33,424 - INFO -   Positive (Label=1): 30234 (59.1%)
2026-03-31 12:17:33,424 - INFO -   Negative (Label=0): 20900 (40.9%)
2026-03-31 12:17:33,425 - INFO - 
================================================================================
2026-03-31 12:17:33,425 - INFO - PHASE 5: BACKUP & SAVE
2026-03-31 12:17:33,425 - INFO - ================================================================================
2026-03-31 12:17:33,425 - INFO - Creating backup of original file...
2026-03-31 12:17:33,438 - INFO - Backup created: data/raw/backups\inflation_dataset_backup_20260331_121733.json
2026-03-31 12:17:33,438 - INFO - Saving 51134 papers to data/raw/inflation_dataset_expanded_with_synthetic.json...
2026-03-31 12:17:33,931 - INFO - [OK] Saved 51134 papers (30,632,692 bytes)
2026-03-31 12:17:33,931 - INFO - 
================================================================================
2026-03-31 12:17:33,932 - INFO - FINAL REPORT
2026-03-31 12:17:33,932 - INFO - ================================================================================
2026-03-31 12:17:33,932 - INFO - Original dataset: 1134 valid papers
2026-03-31 12:17:33,933 - INFO - Synthetic dataset: 50000 valid papers
2026-03-31 12:17:33,933 - INFO - After merge: 51134 papers
2026-03-31 12:17:33,933 - INFO -   Positive: 30234 (59.1%)
2026-03-31 12:17:33,933 - INFO -   Negative: 20900 (40.9%)
2026-03-31 12:17:33,933 - INFO - 
Output saved to: data/raw/inflation_dataset_expanded_with_synthetic.json
2026-03-31 12:17:33,935 - INFO - Report saved to: data/raw/cleanup_and_merge_report.json
2026-03-31 12:17:33,935 - INFO - 
================================================================================
2026-03-31 12:17:33,935 - INFO - [SUCCESS] CLEANUP & MERGE COMPLETE
2026-03-31 12:17:33,935 - INFO - ================================================================================
