2026-03-31 12:20:21,273 - INFO - ================================================================================
2026-03-31 12:20:21,273 - INFO - DATASET CLEANUP START
2026-03-31 12:20:21,273 - INFO - Timestamp: 2026-03-31T12:20:21.273894
2026-03-31 12:20:21,274 - INFO - ================================================================================
2026-03-31 12:20:21,274 - INFO - Loading dataset from data/raw/inflation_dataset_expanded_with_synthetic.json...
2026-03-31 12:20:21,632 - INFO - Loaded 51134 papers
2026-03-31 12:20:21,633 - INFO - Taking stratified sample to 20000 papers...
2026-03-31 12:20:21,638 - INFO -   Positive papers: 30234
2026-03-31 12:20:21,639 - INFO -   Negative papers: 20900
2026-03-31 12:20:21,639 - INFO -   Target positive: 11825 (59.1%)
2026-03-31 12:20:21,639 - INFO -   Target negative: 8175 (40.9%)
2026-03-31 12:20:21,659 - INFO - [OK] Sampled 20000 papers
2026-03-31 12:20:21,670 - INFO - Removing 'source' field from all papers...
2026-03-31 12:20:21,680 - INFO - [OK] Removed source field from 20000 papers
2026-03-31 12:20:21,692 - INFO - 
Final dataset:
2026-03-31 12:20:21,692 - INFO -   Total: 20000
2026-03-31 12:20:21,692 - INFO -   Positive: 11825 (59.1%)
2026-03-31 12:20:21,693 - INFO -   Negative: 8175 (40.9%)
2026-03-31 12:20:21,693 - INFO - Saving 20000 papers to data/raw/inflation_dataset_cleaned_20k.json...
2026-03-31 12:20:21,923 - INFO - [OK] Saved to data/raw/inflation_dataset_cleaned_20k.json (11,240,283 bytes)
2026-03-31 12:20:21,923 - INFO - ================================================================================
2026-03-31 12:20:21,924 - INFO - [SUCCESS] CLEANUP COMPLETE
2026-03-31 12:20:21,924 - INFO - ================================================================================
