2026-03-31 11:51:57,761 - INFO - ================================================================================
2026-03-31 11:51:57,762 - INFO - INFLATION DATA COLLECTION PIPELINE START
2026-03-31 11:51:57,762 - INFO - Start time: 2026-03-31T11:51:57.762258
2026-03-31 11:51:57,762 - INFO - ================================================================================
2026-03-31 11:51:57,762 - INFO - ================================================================================
2026-03-31 11:51:57,762 - INFO - SEMANTIC SCHOLAR COLLECTION START
2026-03-31 11:51:57,762 - INFO - ================================================================================
2026-03-31 11:51:57,762 - INFO - Total queries: 21
2026-03-31 11:51:57,763 - INFO - Starting collection for query: 'inflation forecasting'
2026-03-31 11:51:59,704 - WARNING - Rate limited, waiting 60s...
2026-03-31 11:53:00,713 - WARNING - Rate limited, waiting 120s...
2026-03-31 11:55:01,622 - ERROR - API error during collection: Rate limited after 3 attempts
2026-03-31 11:55:01,624 - INFO -   Completed: 0 new papers added for query 'inflation forecasting'
2026-03-31 11:55:01,624 - INFO - Progress: 1/21 | Total so far: 0
2026-03-31 11:55:01,625 - INFO - Starting collection for query: 'CPI prediction'
2026-03-31 11:55:02,582 - WARNING - Rate limited, waiting 60s...
2026-03-31 11:56:03,897 - WARNING - Rate limited, waiting 120s...
2026-03-31 11:58:05,205 - ERROR - API error during collection: Rate limited after 3 attempts
2026-03-31 11:58:05,207 - INFO -   Completed: 0 new papers added for query 'CPI prediction'
2026-03-31 11:58:05,207 - INFO - Progress: 2/21 | Total so far: 0
2026-03-31 11:58:05,208 - INFO - Starting collection for query: 'inflation rate modeling'
2026-03-31 11:58:06,304 - WARNING - Rate limited, waiting 60s...
2026-03-31 11:59:07,424 - WARNING - Rate limited, waiting 120s...
